d:\git\javarep\win32\regedit\regedit\debug\vc140.pdb
d:\git\javarep\win32\regedit\regedit\debug\vc140.idb
d:\git\javarep\win32\regedit\regedit\debug\helpers.obj
d:\git\javarep\win32\regedit\regedit\debug\layout.obj
d:\git\javarep\win32\regedit\regedit\debug\main.obj
d:\git\javarep\win32\regedit\regedit\debug\regedit.obj
d:\git\javarep\win32\regedit\regedit\debug\searchdialog.obj
c:\users\ik34-admin\downloads\248717\regedit\regedit\debug\vc140.pdb
c:\users\ik34-admin\downloads\248717\regedit\regedit\debug\vc140.idb
c:\users\ik34-admin\downloads\248717\regedit\regedit\debug\helpers.obj
c:\users\ik34-admin\downloads\248717\regedit\regedit\debug\layout.obj
c:\users\ik34-admin\downloads\248717\regedit\regedit\debug\main.obj
c:\users\ik34-admin\downloads\248717\regedit\regedit\debug\regedit.obj
c:\users\ik34-admin\downloads\248717\regedit\regedit\debug\searchdialog.obj
d:\git\javarep\win32\regedit\debug\regedit.ilk
d:\git\javarep\win32\regedit\debug\regedit.exe
d:\git\javarep\win32\regedit\debug\regedit.pdb
c:\users\ik34-admin\downloads\248717\regedit\debug\regedit.ilk
c:\users\ik34-admin\downloads\248717\regedit\debug\regedit.exe
c:\users\ik34-admin\downloads\248717\regedit\debug\regedit.pdb
d:\git\javarep\win32\regedit\regedit\debug\regedit.res
c:\users\ik34-admin\downloads\248717\regedit\regedit\debug\regedit.res
c:\users\ik34-admin\downloads\248717\regedit\regedit\debug\regedit.obj.enc
c:\users\ik34-admin\downloads\248717\regedit\regedit\debug\regedit.tlog\cl.command.1.tlog
c:\users\ik34-admin\downloads\248717\regedit\regedit\debug\regedit.tlog\cl.read.1.tlog
c:\users\ik34-admin\downloads\248717\regedit\regedit\debug\regedit.tlog\cl.write.1.tlog
c:\users\ik34-admin\downloads\248717\regedit\regedit\debug\regedit.tlog\link.command.1.tlog
c:\users\ik34-admin\downloads\248717\regedit\regedit\debug\regedit.tlog\link.read.1.tlog
c:\users\ik34-admin\downloads\248717\regedit\regedit\debug\regedit.tlog\link.write.1.tlog
c:\users\ik34-admin\downloads\248717\regedit\regedit\debug\regedit.tlog\rc.command.1.tlog
c:\users\ik34-admin\downloads\248717\regedit\regedit\debug\regedit.tlog\rc.read.1.tlog
c:\users\ik34-admin\downloads\248717\regedit\regedit\debug\regedit.tlog\rc.write.1.tlog
