  regedit.cpp
d:\git\javarep\win32\regedit\regedit\regedit.cpp(23): warning C4996: 'wcscpy': This function or variable may be unsafe. Consider using wcscpy_s instead. To disable deprecation, use _CRT_SECURE_NO_WARNINGS. See online help for details.
  c:\program files\windows kits\10\include\10.0.10240.0\ucrt\corecrt_wstring.h(121): note: see declaration of 'wcscpy'
d:\git\javarep\win32\regedit\regedit\regedit.cpp(121): warning C4996: 'wcstombs': This function or variable may be unsafe. Consider using wcstombs_s instead. To disable deprecation, use _CRT_SECURE_NO_WARNINGS. See online help for details.
  c:\program files\windows kits\10\include\10.0.10240.0\ucrt\stdlib.h(1008): note: see declaration of 'wcstombs'
d:\git\javarep\win32\regedit\regedit\regedit.cpp(153): warning C4996: 'wcstombs': This function or variable may be unsafe. Consider using wcstombs_s instead. To disable deprecation, use _CRT_SECURE_NO_WARNINGS. See online help for details.
  c:\program files\windows kits\10\include\10.0.10240.0\ucrt\stdlib.h(1008): note: see declaration of 'wcstombs'
d:\git\javarep\win32\regedit\regedit\regedit.cpp(159): warning C4996: 'ultoa': The POSIX name for this item is deprecated. Instead, use the ISO C and C++ conformant name: _ultoa. See online help for details.
  c:\program files\windows kits\10\include\10.0.10240.0\ucrt\stdlib.h(1338): note: see declaration of 'ultoa'
d:\git\javarep\win32\regedit\regedit\regedit.cpp(163): warning C4996: 'wcstombs': This function or variable may be unsafe. Consider using wcstombs_s instead. To disable deprecation, use _CRT_SECURE_NO_WARNINGS. See online help for details.
  c:\program files\windows kits\10\include\10.0.10240.0\ucrt\stdlib.h(1008): note: see declaration of 'wcstombs'
d:\git\javarep\win32\regedit\regedit\regedit.cpp(168): warning C4996: 'wcstombs': This function or variable may be unsafe. Consider using wcstombs_s instead. To disable deprecation, use _CRT_SECURE_NO_WARNINGS. See online help for details.
  c:\program files\windows kits\10\include\10.0.10240.0\ucrt\stdlib.h(1008): note: see declaration of 'wcstombs'
d:\git\javarep\win32\regedit\regedit\regedit.cpp(304): warning C4018: '<': signed/unsigned mismatch
d:\git\javarep\win32\regedit\regedit\regedit.cpp(389): warning C4101: 'cchMaxValue': unreferenced local variable
d:\git\javarep\win32\regedit\regedit\regedit.cpp(388): warning C4101: 'cValues': unreferenced local variable
d:\git\javarep\win32\regedit\regedit\regedit.cpp(381): warning C4101: 'achKey': unreferenced local variable
d:\git\javarep\win32\regedit\regedit\regedit.cpp(392): warning C4101: 'ftLastWriteTime': unreferenced local variable
d:\git\javarep\win32\regedit\regedit\regedit.cpp(387): warning C4101: 'cchMaxClass': unreferenced local variable
d:\git\javarep\win32\regedit\regedit\regedit.cpp(390): warning C4101: 'cbMaxValueData': unreferenced local variable
d:\git\javarep\win32\regedit\regedit\regedit.cpp(386): warning C4101: 'cbMaxSubKey': unreferenced local variable
d:\git\javarep\win32\regedit\regedit\regedit.cpp(391): warning C4101: 'cbSecurityDescriptor': unreferenced local variable
d:\git\javarep\win32\regedit\regedit\regedit.cpp(382): warning C4101: 'cbName': unreferenced local variable
d:\git\javarep\win32\regedit\regedit\regedit.cpp(394): warning C4101: 'retCode': unreferenced local variable
  Main.cpp
d:\git\javarep\win32\regedit\regedit\main.cpp(30): warning C4302: 'type cast': truncation from 'LPWSTR' to 'WORD'
d:\git\javarep\win32\regedit\regedit\main.cpp(35): warning C4302: 'type cast': truncation from 'LPWSTR' to 'WORD'
d:\git\javarep\win32\regedit\regedit\main.cpp(196): warning C4996: 'wcscpy': This function or variable may be unsafe. Consider using wcscpy_s instead. To disable deprecation, use _CRT_SECURE_NO_WARNINGS. See online help for details.
  c:\program files\windows kits\10\include\10.0.10240.0\ucrt\corecrt_wstring.h(121): note: see declaration of 'wcscpy'
  Generating Code...
  Compiling...
  layout.cpp
  helpers.cpp
d:\git\javarep\win32\regedit\regedit\helpers.cpp(29): warning C4996: 'wcscpy': This function or variable may be unsafe. Consider using wcscpy_s instead. To disable deprecation, use _CRT_SECURE_NO_WARNINGS. See online help for details.
  c:\program files\windows kits\10\include\10.0.10240.0\ucrt\corecrt_wstring.h(121): note: see declaration of 'wcscpy'
d:\git\javarep\win32\regedit\regedit\helpers.cpp(11): warning C4101: 'tmphItem': unreferenced local variable
d:\git\javarep\win32\regedit\regedit\helpers.cpp(64): warning C4996: 'wcscpy': This function or variable may be unsafe. Consider using wcscpy_s instead. To disable deprecation, use _CRT_SECURE_NO_WARNINGS. See online help for details.
  c:\program files\windows kits\10\include\10.0.10240.0\ucrt\corecrt_wstring.h(121): note: see declaration of 'wcscpy'
d:\git\javarep\win32\regedit\regedit\helpers.cpp(102): warning C4101: 'tmpoverlap': unreferenced local variable
d:\git\javarep\win32\regedit\regedit\helpers.cpp(103): warning C4101: 'tmphItem': unreferenced local variable
  Generating Code...
  regedit.vcxproj -> D:\git\JavaRep\win32\regedit\Debug\regedit.exe
